<?xml version="1.0" encoding="UTF-8"?>
<!-- Generated by org.testng.reporters.JUnitReportReporter -->
<testsuite hostname="SARAVANANR" failures="0" tests="1" name="Google.base" time="0.012" errors="0" timestamp="2022-07-12T14:43:42 IST" skipped="0">
  <testcase classname="Google.base" name="InvokeBrowser" time="0.012"/>
  <system-out/>
</testsuite> <!-- Google.base -->
