<?xml version="1.0" encoding="UTF-8"?>
<!-- Generated by org.testng.reporters.JUnitReportReporter -->
<testsuite hostname="SARAVANANR" failures="0" tests="2" name="GoogleTest.TS001" time="30.766" errors="0" timestamp="2022-07-15T14:16:11 IST" skipped="0">
  <testcase classname="GoogleTest.TS001" name="Test1" time="13.856"/>
  <system-out/>
  <testcase classname="GoogleTest.TS001" name="Test1" time="16.910"/>
  <system-out/>
</testsuite> <!-- GoogleTest.TS001 -->
