<?xml version="1.0" encoding="UTF-8"?>
<!-- Generated by org.testng.reporters.JUnitReportReporter -->
<testsuite hostname="SARAVANANR" failures="0" tests="1" name="GoogleTest.TS002" time="4.020" errors="0" timestamp="2022-07-15T14:16:11 IST" skipped="0">
  <testcase classname="GoogleTest.TS002" name="TitleTest" time="4.020"/>
  <system-out/>
</testsuite> <!-- GoogleTest.TS002 -->
